

Flutter crash report; please file at https://github.com/flutter/flutter/issues.

## command

flutter build bundle --suppress-analytics --target lib/main.dart --depfile /Users/buxiaohui/AndroidStudioProjects/BXHAPP/my_flutter/.android/Flutter/build/intermediates/flutter/debug/snapshot_blob.bin.d --asset-dir /Users/buxiaohui/AndroidStudioProjects/BXHAPP/my_flutter/.android/Flutter/build/intermediates/flutter/debug/flutter_assets --debug

## exception

FileSystemException: FileSystemException: Cannot open file, path = 'build/app.dill' (OS Error: No such file or directory, errno = 2)

```
#0      _File.open.<anonymous closure> (dart:io/file_impl.dart:364:9)
#1      _rootRunUnary (dart:async/zone.dart:1132:38)
#2      _CustomZone.runUnary (dart:async/zone.dart:1029:19)
#3      _FutureListener.handleValue (dart:async/future_impl.dart:126:18)
#4      Future._propagateToListeners.handleValueCallback (dart:async/future_impl.dart:639:45)
#5      Future._propagateToListeners (dart:async/future_impl.dart:668:32)
#6      Future._completeWithValue (dart:async/future_impl.dart:483:5)
#7      Future._asyncComplete.<anonymous closure> (dart:async/future_impl.dart:513:7)
#8      _rootRun (dart:async/zone.dart:1124:13)
#9      _CustomZone.run (dart:async/zone.dart:1021:19)
#10     _CustomZone.bindCallback.<anonymous closure> (dart:async/zone.dart:947:23)
#11     _microtaskLoop (dart:async/schedule_microtask.dart:41:21)
#12     _startMicrotaskLoop (dart:async/schedule_microtask.dart:50:5)
#13     _runPendingImmediateCallback (dart:isolate/runtime/libisolate_patch.dart:115:13)
#14     _RawReceivePortImpl._handleMessage (dart:isolate/runtime/libisolate_patch.dart:172:5)
```

## flutter doctor

```
[✓] Flutter (Channel dev, v1.1.7, on Mac OS X 10.14 18A391, locale zh-Hans-CN)
    • Flutter version 1.1.7 at /Users/buxiaohui/flutter
    • Framework revision 0d5ee0560b (2 weeks ago), 2019-01-08 09:24:27 -0800
    • Engine revision 7112b72cc2
    • Dart version 2.1.1 (build 2.1.1-dev.0.1 ec86471ccc)

[✓] Android toolchain - develop for Android devices (Android SDK version 28.0.3)
    • Android SDK at /Users/buxiaohui/Library/Android/sdk
    • Android NDK at /Users/buxiaohui/Library/Android/sdk/ndk-bundle
    • Platform android-28, build-tools 28.0.3
    • ANDROID_HOME = /Users/buxiaohui/Library/Android/sdk
    • Java binary at: /Applications/Android Studio.app/Contents/jre/jdk/Contents/Home/bin/java
    • Java version OpenJDK Runtime Environment (build 1.8.0_152-release-1024-b01)
    • All Android licenses accepted.

[✓] iOS toolchain - develop for iOS devices (Xcode 10.1)
    • Xcode at /Applications/Xcode.app/Contents/Developer
    • Xcode 10.1, Build version 10B61
    • ios-deploy 1.9.4
    • CocoaPods version 1.5.3

[✓] Android Studio (version 3.1)
    • Android Studio at /Applications/Android Studio.app/Contents
    • Flutter plugin version 29.0.1
    • Dart plugin version 173.4700
    • Java version OpenJDK Runtime Environment (build 1.8.0_152-release-1024-b01)

[!] IntelliJ IDEA Community Edition (version 2018.2.3)
    • IntelliJ at /Applications/IntelliJ IDEA CE.app
    ✗ Flutter plugin not installed; this adds Flutter specific functionality.
    ✗ Dart plugin not installed; this adds Dart specific functionality.
    • For information about installing plugins, see
      https://flutter.io/intellij-setup/#installing-the-plugins

[✓] Connected device (1 available)
    • Android SDK built for x86 • emulator-5554 • android-x86 • Android 9 (API 28) (emulator)

! Doctor found issues in 1 category.
```
